<?xml version="1.0" encoding="UTF-8"?>
<testng-results ignored="0" total="1" passed="1" failed="0" skipped="0">
  <reporter-output>
  </reporter-output>
  <suite started-at="2021-11-10T11:45:04 IST" name="Suite" finished-at="2021-11-10T11:47:37 IST" duration-ms="152210">
    <groups>
      <group name="cucumber">
        <method signature="AbstractTestNGCucumberTests.runScenario(io.cucumber.testng.PickleWrapper, io.cucumber.testng.FeatureWrapper)[pri:0, instance:com.mindtree.Runner.BookRunner@36d585c]" name="runScenario" class="io.cucumber.testng.AbstractTestNGCucumberTests"/>
      </group> <!-- cucumber -->
    </groups>
    <test started-at="2021-11-10T11:45:04 IST" name="Test" finished-at="2021-11-10T11:47:37 IST" duration-ms="152210">
      <class name="com.mindtree.Runner.BookRunner">
        <test-method is-config="true" signature="setUpClass(org.testng.ITestContext)[pri:0, instance:com.mindtree.Runner.BookRunner@36d585c]" started-at="2021-11-10T11:45:04 IST" name="setUpClass" finished-at="2021-11-10T11:45:05 IST" duration-ms="217" status="PASS">
          <params>
            <param index="0">
              <value>
                <![CDATA[org.testng.TestRunner@2b8bd798]]>
              </value>
            </param>
          </params>
          <reporter-output>
          </reporter-output>
        </test-method> <!-- setUpClass -->
        <test-method signature="runScenario(io.cucumber.testng.PickleWrapper, io.cucumber.testng.FeatureWrapper)[pri:0, instance:com.mindtree.Runner.BookRunner@36d585c]" started-at="2021-11-10T11:45:05 IST" name="runScenario" description="Runs Cucumber Scenarios" data-provider="scenarios" finished-at="2021-11-10T11:47:37 IST" duration-ms="151962" status="PASS">
          <params>
            <param index="0">
              <value>
                <![CDATA["Check The products Available"]]>
              </value>
            </param>
            <param index="1">
              <value>
                <![CDATA["Optional[Tide Site Automate]"]]>
              </value>
            </param>
          </params>
          <reporter-output>
          </reporter-output>
        </test-method> <!-- runScenario -->
        <test-method is-config="true" signature="tearDownClass()[pri:0, instance:com.mindtree.Runner.BookRunner@36d585c]" started-at="2021-11-10T11:47:37 IST" name="tearDownClass" finished-at="2021-11-10T11:47:37 IST" duration-ms="4" status="PASS">
          <reporter-output>
          </reporter-output>
        </test-method> <!-- tearDownClass -->
      </class> <!-- com.mindtree.Runner.BookRunner -->
    </test> <!-- Test -->
  </suite> <!-- Suite -->
</testng-results>
